app/build/intermediates/manifest_merge_blame_file/debug/manifest-merger-blame-debug-report.txt
1<?xml version="1.0" encoding="utf-8"?>
2<manifest xmlns:android="http://schemas.android.com/apk/res/android"
3    package="com.example.studentprogresstracking"
4    android:versionCode="1"
5    android:versionName="1.0" >
6
7    <uses-sdk
8        android:minSdkVersion="26"
8-->src/main/AndroidManifest.xml
9        android:targetSdkVersion="32" />
9-->src/main/AndroidManifest.xml
10
11    <application
11-->src/main/AndroidManifest.xml:5:5-124:19
12        android:allowBackup="true"
12-->src/main/AndroidManifest.xml:6:9-35
13        android:appComponentFactory="androidx.core.app.CoreComponentFactory"
13-->[androidx.core:core:1.8.0] AndroidManifest.xml:24:18-86
14        android:dataExtractionRules="@xml/data_extraction_rules"
14-->src/main/AndroidManifest.xml:7:9-65
15        android:debuggable="true"
16        android:extractNativeLibs="false"
17        android:fullBackupContent="@xml/backup_rules"
17-->src/main/AndroidManifest.xml:8:9-54
18        android:icon="@mipmap/ic_launcher"
18-->src/main/AndroidManifest.xml:9:9-43
19        android:label="@string/app_name"
19-->src/main/AndroidManifest.xml:10:9-41
20        android:roundIcon="@mipmap/ic_launcher_round"
20-->src/main/AndroidManifest.xml:11:9-54
21        android:supportsRtl="true"
21-->src/main/AndroidManifest.xml:12:9-35
22        android:theme="@style/Theme.StudentProgressTracking" >
22-->src/main/AndroidManifest.xml:13:9-61
23        <activity
23-->src/main/AndroidManifest.xml:15:9-22:20
24            android:name="com.example.studentprogresstracking.UI.COURSES.parts.details.AssessmentDetails"
24-->src/main/AndroidManifest.xml:17:13-71
25            android:configChanges="orientation|screenSize"
25-->src/main/AndroidManifest.xml:16:13-59
26            android:exported="false" >
26-->src/main/AndroidManifest.xml:18:13-37
27            <meta-data
27-->src/main/AndroidManifest.xml:19:13-21:36
28                android:name="android.app.lib_name"
28-->src/main/AndroidManifest.xml:20:17-52
29                android:value="" />
29-->src/main/AndroidManifest.xml:21:17-33
30        </activity>
31        <activity
31-->src/main/AndroidManifest.xml:23:9-29:20
32            android:name="com.example.studentprogresstracking.UI.COURSES.parts.details.NotesDetails"
32-->src/main/AndroidManifest.xml:24:13-66
33            android:configChanges="orientation|screenSize"
33-->src/main/AndroidManifest.xml:23:22-68
34            android:exported="false" >
34-->src/main/AndroidManifest.xml:25:13-37
35            <meta-data
35-->src/main/AndroidManifest.xml:19:13-21:36
36                android:name="android.app.lib_name"
36-->src/main/AndroidManifest.xml:20:17-52
37                android:value="" />
37-->src/main/AndroidManifest.xml:21:17-33
38        </activity>
39        <activity
39-->src/main/AndroidManifest.xml:30:9-36:20
40            android:name="com.example.studentprogresstracking.UI.COURSES.parts.details.InstructorsDetails"
40-->src/main/AndroidManifest.xml:31:13-72
41            android:configChanges="orientation|screenSize"
41-->src/main/AndroidManifest.xml:30:22-68
42            android:exported="false" >
42-->src/main/AndroidManifest.xml:32:13-37
43            <meta-data
43-->src/main/AndroidManifest.xml:19:13-21:36
44                android:name="android.app.lib_name"
44-->src/main/AndroidManifest.xml:20:17-52
45                android:value="" />
45-->src/main/AndroidManifest.xml:21:17-33
46        </activity>
47        <activity
47-->src/main/AndroidManifest.xml:37:9-44:20
48            android:name="com.example.studentprogresstracking.UI.COURSES.parts.AddOrModNotes"
48-->src/main/AndroidManifest.xml:38:13-59
49            android:configChanges="orientation|screenSize"
49-->src/main/AndroidManifest.xml:37:22-68
50            android:exported="false"
50-->src/main/AndroidManifest.xml:39:13-37
51            android:parentActivityName="com.example.studentprogresstracking.UI.COURSES.CourseList" >
51-->src/main/AndroidManifest.xml:40:13-64
52            <meta-data
52-->src/main/AndroidManifest.xml:19:13-21:36
53                android:name="android.app.lib_name"
53-->src/main/AndroidManifest.xml:20:17-52
54                android:value="" />
54-->src/main/AndroidManifest.xml:21:17-33
55        </activity>
56        <activity
56-->src/main/AndroidManifest.xml:45:9-52:20
57            android:name="com.example.studentprogresstracking.UI.COURSES.parts.AddOrModAssesments"
57-->src/main/AndroidManifest.xml:46:13-64
58            android:configChanges="orientation|screenSize"
58-->src/main/AndroidManifest.xml:45:22-68
59            android:exported="false"
59-->src/main/AndroidManifest.xml:47:13-37
60            android:parentActivityName="com.example.studentprogresstracking.UI.COURSES.CourseList" >
60-->src/main/AndroidManifest.xml:48:13-64
61            <meta-data
61-->src/main/AndroidManifest.xml:19:13-21:36
62                android:name="android.app.lib_name"
62-->src/main/AndroidManifest.xml:20:17-52
63                android:value="" />
63-->src/main/AndroidManifest.xml:21:17-33
64        </activity>
65        <activity
65-->src/main/AndroidManifest.xml:53:9-61:20
66            android:name="com.example.studentprogresstracking.UI.COURSES.parts.AddOrModifyInstructor"
66-->src/main/AndroidManifest.xml:54:13-67
67            android:configChanges="orientation|screenSize"
67-->src/main/AndroidManifest.xml:53:22-68
68            android:exported="false"
68-->src/main/AndroidManifest.xml:55:13-37
69            android:parentActivityName="com.example.studentprogresstracking.UI.COURSES.CourseList"
69-->src/main/AndroidManifest.xml:56:13-64
70            android:windowSoftInputMode="adjustPan" >
70-->src/main/AndroidManifest.xml:57:13-52
71            <meta-data
71-->src/main/AndroidManifest.xml:19:13-21:36
72                android:name="android.app.lib_name"
72-->src/main/AndroidManifest.xml:20:17-52
73                android:value="" />
73-->src/main/AndroidManifest.xml:21:17-33
74        </activity>
75        <activity
75-->src/main/AndroidManifest.xml:62:9-69:20
76            android:name="com.example.studentprogresstracking.UI.COURSES.CourseDetails"
76-->src/main/AndroidManifest.xml:63:13-53
77            android:configChanges="orientation|screenSize"
77-->src/main/AndroidManifest.xml:62:22-68
78            android:exported="false"
78-->src/main/AndroidManifest.xml:64:13-37
79            android:parentActivityName="com.example.studentprogresstracking.UI.COURSES.CourseList" >
79-->src/main/AndroidManifest.xml:65:13-64
80            <meta-data
80-->src/main/AndroidManifest.xml:19:13-21:36
81                android:name="android.app.lib_name"
81-->src/main/AndroidManifest.xml:20:17-52
82                android:value="" />
82-->src/main/AndroidManifest.xml:21:17-33
83        </activity>
84        <activity
84-->src/main/AndroidManifest.xml:70:9-77:20
85            android:name="com.example.studentprogresstracking.UI.COURSES.CourseList"
85-->src/main/AndroidManifest.xml:71:13-50
86            android:configChanges="orientation|screenSize"
86-->src/main/AndroidManifest.xml:70:22-68
87            android:exported="false"
87-->src/main/AndroidManifest.xml:72:13-37
88            android:parentActivityName="com.example.studentprogresstracking.UI.MainActivity" >
88-->src/main/AndroidManifest.xml:73:13-58
89            <meta-data
89-->src/main/AndroidManifest.xml:19:13-21:36
90                android:name="android.app.lib_name"
90-->src/main/AndroidManifest.xml:20:17-52
91                android:value="" />
91-->src/main/AndroidManifest.xml:21:17-33
92        </activity>
93        <activity
93-->src/main/AndroidManifest.xml:78:9-84:20
94            android:name="com.example.studentprogresstracking.UI.COURSES.AddOrModACourse"
94-->src/main/AndroidManifest.xml:79:13-55
95            android:configChanges="orientation|screenSize"
95-->src/main/AndroidManifest.xml:78:22-68
96            android:exported="false" >
96-->src/main/AndroidManifest.xml:80:13-37
97            <meta-data
97-->src/main/AndroidManifest.xml:19:13-21:36
98                android:name="android.app.lib_name"
98-->src/main/AndroidManifest.xml:20:17-52
99                android:value="" />
99-->src/main/AndroidManifest.xml:21:17-33
100        </activity>
101        <activity
101-->src/main/AndroidManifest.xml:85:9-92:20
102            android:name="com.example.studentprogresstracking.UI.TERM.TermDetails"
102-->src/main/AndroidManifest.xml:86:13-48
103            android:exported="false"
103-->src/main/AndroidManifest.xml:87:13-37
104            android:parentActivityName="com.example.studentprogresstracking.UI.TERM.TermList" >
104-->src/main/AndroidManifest.xml:88:13-59
105            <meta-data
105-->src/main/AndroidManifest.xml:19:13-21:36
106                android:name="android.app.lib_name"
106-->src/main/AndroidManifest.xml:20:17-52
107                android:configChanges="orientation|screenSize"
107-->src/main/AndroidManifest.xml:89:27-73
108                android:value="" />
108-->src/main/AndroidManifest.xml:21:17-33
109        </activity>
110        <activity
110-->src/main/AndroidManifest.xml:93:9-100:20
111            android:name="com.example.studentprogresstracking.UI.TERM.TermList"
111-->src/main/AndroidManifest.xml:94:13-45
112            android:configChanges="orientation|screenSize"
112-->src/main/AndroidManifest.xml:93:22-68
113            android:exported="false"
113-->src/main/AndroidManifest.xml:95:13-37
114            android:parentActivityName="com.example.studentprogresstracking.UI.MainActivity" >
114-->src/main/AndroidManifest.xml:96:13-58
115            <meta-data
115-->src/main/AndroidManifest.xml:19:13-21:36
116                android:name="android.app.lib_name"
116-->src/main/AndroidManifest.xml:20:17-52
117                android:value="" />
117-->src/main/AndroidManifest.xml:21:17-33
118        </activity>
119        <activity
119-->src/main/AndroidManifest.xml:101:9-108:20
120            android:name="com.example.studentprogresstracking.UI.TERM.AddATerm"
120-->src/main/AndroidManifest.xml:102:13-45
121            android:configChanges="orientation|screenSize"
121-->src/main/AndroidManifest.xml:101:22-68
122            android:exported="false"
122-->src/main/AndroidManifest.xml:103:13-37
123            android:parentActivityName="com.example.studentprogresstracking.UI.TERM.TermList" >
123-->src/main/AndroidManifest.xml:104:13-59
124            <meta-data
124-->src/main/AndroidManifest.xml:19:13-21:36
125                android:name="android.app.lib_name"
125-->src/main/AndroidManifest.xml:20:17-52
126                android:value="" />
126-->src/main/AndroidManifest.xml:21:17-33
127        </activity>
128        <activity
128-->src/main/AndroidManifest.xml:109:9-123:20
129            android:name="com.example.studentprogresstracking.UI.MainActivity"
129-->src/main/AndroidManifest.xml:110:13-44
130            android:configChanges="orientation|screenSize"
130-->src/main/AndroidManifest.xml:112:13-59
131            android:exported="true" >
131-->src/main/AndroidManifest.xml:111:13-36
132            <intent-filter>
132-->src/main/AndroidManifest.xml:114:13-118:29
133                <action android:name="android.intent.action.MAIN" />
133-->src/main/AndroidManifest.xml:115:17-69
133-->src/main/AndroidManifest.xml:115:25-66
134
135                <category android:name="android.intent.category.LAUNCHER" />
135-->src/main/AndroidManifest.xml:117:17-77
135-->src/main/AndroidManifest.xml:117:27-74
136            </intent-filter>
137
138            <meta-data
138-->src/main/AndroidManifest.xml:19:13-21:36
139                android:name="android.app.lib_name"
139-->src/main/AndroidManifest.xml:20:17-52
140                android:value="" />
140-->src/main/AndroidManifest.xml:21:17-33
141        </activity>
142
143        <service
143-->[androidx.room:room-runtime:2.4.3] AndroidManifest.xml:25:9-28:40
144            android:name="androidx.room.MultiInstanceInvalidationService"
144-->[androidx.room:room-runtime:2.4.3] AndroidManifest.xml:26:13-74
145            android:directBootAware="true"
145-->[androidx.room:room-runtime:2.4.3] AndroidManifest.xml:27:13-43
146            android:exported="false" />
146-->[androidx.room:room-runtime:2.4.3] AndroidManifest.xml:28:13-37
147
148        <provider
148-->[androidx.emoji2:emoji2:1.2.0] AndroidManifest.xml:24:9-32:20
149            android:name="androidx.startup.InitializationProvider"
149-->[androidx.emoji2:emoji2:1.2.0] AndroidManifest.xml:25:13-67
150            android:authorities="com.example.studentprogresstracking.androidx-startup"
150-->[androidx.emoji2:emoji2:1.2.0] AndroidManifest.xml:26:13-68
151            android:exported="false" >
151-->[androidx.emoji2:emoji2:1.2.0] AndroidManifest.xml:27:13-37
152            <meta-data
152-->[androidx.emoji2:emoji2:1.2.0] AndroidManifest.xml:29:13-31:52
153                android:name="androidx.emoji2.text.EmojiCompatInitializer"
153-->[androidx.emoji2:emoji2:1.2.0] AndroidManifest.xml:30:17-75
154                android:value="androidx.startup" />
154-->[androidx.emoji2:emoji2:1.2.0] AndroidManifest.xml:31:17-49
155            <meta-data
155-->[androidx.lifecycle:lifecycle-process:2.4.1] AndroidManifest.xml:31:13-33:52
156                android:name="androidx.lifecycle.ProcessLifecycleInitializer"
156-->[androidx.lifecycle:lifecycle-process:2.4.1] AndroidManifest.xml:32:17-78
157                android:value="androidx.startup" />
157-->[androidx.lifecycle:lifecycle-process:2.4.1] AndroidManifest.xml:33:17-49
158        </provider>
159    </application>
160
161</manifest>